<?xml version="1.0" encoding="UTF-8"?>
<!-- Generated by org.testng.reporters.JUnitReportReporter -->
<testsuite skipped="0" hostname="LAPTOP-A5GJABUP" name="com.org.tests.NuvasiveLoginPageTests" tests="9" failures="0" timestamp="24 Nov 2019 22:46:36 GMT" time="50.061" errors="0">
  <testcase name="tc_06_LoginProvisionWithValidCredentials" time="5.193" classname="com.org.tests.NuvasiveLoginPageTests"/>
  <testcase name="tc_07_UserNamePasswordFieldTypeCheck" time="5.281" classname="com.org.tests.NuvasiveLoginPageTests"/>
  <testcase name="tc_04_LoginSubmitButtonAvailabilityCheck" time="5.377" classname="com.org.tests.NuvasiveLoginPageTests"/>
  <testcase name="tc_05_ClickLoginLinkFunctionality" time="7.171" classname="com.org.tests.NuvasiveLoginPageTests"/>
  <testcase name="tc_02_LoginPageLinkAvailabilityCheck" time="4.985" classname="com.org.tests.NuvasiveLoginPageTests"/>
  <testcase name="tc_03_LoginUsernamePasswordObjectAvailabilityCheck" time="4.976" classname="com.org.tests.NuvasiveLoginPageTests"/>
  <testcase name="tc_06_LoginProvisionWithValidCredentials" time="6.419" classname="com.org.tests.NuvasiveLoginPageTests"/>
  <testcase name="tc_06_LoginProvisionWithValidCredentials" time="5.518" classname="com.org.tests.NuvasiveLoginPageTests"/>
  <testcase name="tc_01_LoginPageHeaderAvailableCheck" time="5.141" classname="com.org.tests.NuvasiveLoginPageTests"/>
</testsuite> <!-- com.org.tests.NuvasiveLoginPageTests -->
