<?xml version="1.0" encoding="UTF-8"?>
<!-- Generated by org.testng.reporters.JUnitReportReporter -->
<testsuite skipped="0" hostname="LAPTOP-A5GJABUP" name="com.org.tests.LoginTest" tests="12" failures="0" timestamp="25 Aug 2019 23:34:12 GMT" time="79.299" errors="0">
  <testcase name="tc_02_testLoginWithInValidCredentials" time="5.869" classname="com.org.tests.LoginTest"/>
  <testcase name="tc_03_testForgotPasswordLink" time="6.135" classname="com.org.tests.LoginTest"/>
  <testcase name="tc_02_testLoginWithInValidCredentials" time="6.515" classname="com.org.tests.LoginTest"/>
  <testcase name="tc_04_testRegistrationLink" time="6.042" classname="com.org.tests.LoginTest"/>
  <testcase name="tc_01_testLoginWithValidCredentials" time="6.912" classname="com.org.tests.LoginTest"/>
  <testcase name="tc_05_testLogout" time="7.002" classname="com.org.tests.LoginTest"/>
  <testcase name="tc_02_testLoginWithInValidCredentials" time="6.803" classname="com.org.tests.LoginTest"/>
  <testcase name="tc_06_testHomeTab" time="8.903" classname="com.org.tests.LoginTest"/>
  <testcase name="tc_02_testLoginWithInValidCredentials" time="5.760" classname="com.org.tests.LoginTest"/>
  <testcase name="tc_07_testLogoNavigation" time="6.861" classname="com.org.tests.LoginTest"/>
  <testcase name="tc_02_testLoginWithInValidCredentials" time="6.701" classname="com.org.tests.LoginTest"/>
  <testcase name="tc_02_testLoginWithInValidCredentials" time="5.796" classname="com.org.tests.LoginTest"/>
</testsuite> <!-- com.org.tests.LoginTest -->
