<?xml version="1.0" encoding="UTF-8"?>
<!-- Generated by org.testng.reporters.JUnitReportReporter -->
<testsuite skipped="0" hostname="LAPTOP-A5GJABUP" name="FirstClassSelenium.FirstClassSelenium.SeleniumExcercises" tests="1" failures="0" timestamp="2019-12-15T23:47:05 CET" time="6.214" errors="0">
  <testcase name="WebTableExcercise1" time="6.214" classname="FirstClassSelenium.FirstClassSelenium.SeleniumExcercises"/>
</testsuite> <!-- FirstClassSelenium.FirstClassSelenium.SeleniumExcercises -->
