<?xml version="1.0" encoding="UTF-8"?>
<!-- Generated by org.testng.reporters.JUnitReportReporter -->
<testsuite skipped="0" hostname="LAPTOP-A5GJABUP" name="FirstClassSelenium.FirstClassSelenium.RestAPIExcercises" tests="1" failures="0" timestamp="2020-01-20T21:32:18 CET" time="1.773" errors="0">
  <testcase name="SingleUserNotFound" time="1.773" classname="FirstClassSelenium.FirstClassSelenium.RestAPIExcercises"/>
</testsuite> <!-- FirstClassSelenium.FirstClassSelenium.RestAPIExcercises -->
