<?xml version="1.0" encoding="UTF-8"?>
<!-- Generated by org.testng.reporters.JUnitReportReporter -->
<testsuite skipped="0" hostname="LAPTOP-A5GJABUP" name="SeleniumGridTest.FirstClassSelenium.SeleniumExcercises" tests="1" failures="0" timestamp="17 Oct 2019 20:30:44 GMT" time="9.041" errors="0">
  <testcase name="FindElementsExcercise" time="9.041" classname="SeleniumGridTest.FirstClassSelenium.SeleniumExcercises"/>
</testsuite> <!-- SeleniumGridTest.FirstClassSelenium.SeleniumExcercises -->
