<?xml version="1.0" encoding="UTF-8"?>
<!-- Generated by org.testng.reporters.JUnitReportReporter -->
<testsuite skipped="0" hostname="LAPTOP-A5GJABUP" name="FirstClassSelenium.FirstClassSelenium.RestAPIExcercises" tests="1" failures="0" timestamp="2019-11-14T23:16:33 CET" time="2.844" errors="0">
  <testcase name="SingleUserNotFound" time="2.844" classname="FirstClassSelenium.FirstClassSelenium.RestAPIExcercises"/>
</testsuite> <!-- FirstClassSelenium.FirstClassSelenium.RestAPIExcercises -->
