<?xml version="1.0" encoding="UTF-8"?>
<!-- Generated by org.testng.reporters.JUnitReportReporter -->
<testsuite skipped="0" hostname="LAPTOP-A5GJABUP" name="FirstClassSelenium.FirstClassSelenium.SwitchTo" tests="1" failures="0" timestamp="09 Nov 2019 14:51:53 GMT" time="8.111" errors="0">
  <testcase name="SwitchBackToMainFrame" time="8.111" classname="FirstClassSelenium.FirstClassSelenium.SwitchTo"/>
</testsuite> <!-- FirstClassSelenium.FirstClassSelenium.SwitchTo -->
