<?xml version="1.0" encoding="UTF-8"?>
<!-- Generated by org.testng.reporters.JUnitReportReporter -->
<testsuite skipped="0" hostname="LAPTOP-A5GJABUP" name="MultipleTestSuites.MultipleTestSuites.AppTest" tests="1" failures="0" timestamp="2019-09-11T23:16:48 CEST" time="5.794" errors="0">
  <testcase name="session1" time="5.794" classname="MultipleTestSuites.MultipleTestSuites.AppTest"/>
</testsuite> <!-- MultipleTestSuites.MultipleTestSuites.AppTest -->
