<?xml version="1.0" encoding="UTF-8"?>
<!-- Generated by org.testng.reporters.JUnitReportReporter -->
<testsuite skipped="0" hostname="LAPTOP-A5GJABUP" name="SeleniumGridTest.SeleniumGridTest.AppTest" tests="1" failures="0" timestamp="2019-09-29T11:05:20 CEST" time="2.501" errors="0">
  <testcase name="testApp" time="2.501" classname="SeleniumGridTest.SeleniumGridTest.AppTest"/>
</testsuite> <!-- SeleniumGridTest.SeleniumGridTest.AppTest -->
