<?xml version="1.0" encoding="UTF-8"?>
<!-- Generated by org.testng.reporters.JUnitReportReporter -->
<testsuite skipped="0" hostname="LAPTOP-A5GJABUP" name="TestNG_AnnotationsExcercise.TestNG_AnnotationsExcercise.AppTest" tests="5" failures="0" timestamp="14 Oct 2019 19:59:44 GMT" time="0.018" errors="0">
  <testcase name="TC2" time="0.002" classname="TestNG_AnnotationsExcercise.TestNG_AnnotationsExcercise.AppTest"/>
  <testcase name="TC3" time="0.004" classname="TestNG_AnnotationsExcercise.TestNG_AnnotationsExcercise.AppTest"/>
  <testcase name="TC5" time="0.003" classname="TestNG_AnnotationsExcercise.TestNG_AnnotationsExcercise.AppTest"/>
  <testcase name="TC1" time="0.006" classname="TestNG_AnnotationsExcercise.TestNG_AnnotationsExcercise.AppTest"/>
  <testcase name="TC4" time="0.003" classname="TestNG_AnnotationsExcercise.TestNG_AnnotationsExcercise.AppTest"/>
</testsuite> <!-- TestNG_AnnotationsExcercise.TestNG_AnnotationsExcercise.AppTest -->
