<?xml version="1.0" encoding="UTF-8"?>
<!-- Generated by org.testng.reporters.JUnitReportReporter -->
<testsuite skipped="0" hostname="LAPTOP-A5GJABUP" name="TestNGExamplesInDetails.TestNGExamplesInDetails.AppTestSuite2" tests="2" failures="0" timestamp="13 Oct 2019 10:27:50 GMT" time="0.008" errors="0">
  <testcase name="FacebookImageClick" time="0.004" classname="TestNGExamplesInDetails.TestNGExamplesInDetails.AppTestSuite2"/>
  <testcase name="Test2" time="0.004" classname="TestNGExamplesInDetails.TestNGExamplesInDetails.AppTestSuite2"/>
</testsuite> <!-- TestNGExamplesInDetails.TestNGExamplesInDetails.AppTestSuite2 -->
