<?xml version="1.0" encoding="UTF-8"?>
<!-- Generated by org.testng.reporters.JUnitReportReporter -->
<testsuite skipped="0" hostname="LAPTOP-A5GJABUP" name="TestNGExamplesInDetails.TestNGExamplesInDetails.AppTest" tests="2" failures="0" timestamp="12 Oct 2019 18:35:18 GMT" time="0.012" errors="0">
  <testcase name="FacebookImageClick" time="0.002" classname="TestNGExamplesInDetails.TestNGExamplesInDetails.AppTest"/>
  <testcase name="Test2" time="0.010" classname="TestNGExamplesInDetails.TestNGExamplesInDetails.AppTest"/>
</testsuite> <!-- TestNGExamplesInDetails.TestNGExamplesInDetails.AppTest -->
