<?xml version="1.0" encoding="UTF-8"?>
<!-- Generated by org.testng.reporters.JUnitReportReporter -->
<testsuite skipped="0" hostname="LAPTOP-A5GJABUP" name="SmokeTestPackage.Component1" tests="1" failures="0" timestamp="21 Oct 2019 20:24:15 GMT" time="0.010" errors="0">
  <testcase name="Component1TC3" time="0.010" classname="SmokeTestPackage.Component1"/>
</testsuite> <!-- SmokeTestPackage.Component1 -->
