<?xml version="1.0" encoding="UTF-8"?>
<!-- Generated by org.testng.reporters.JUnitReportReporter -->
<testsuite skipped="0" hostname="LAPTOP-A5GJABUP" name="Suite1.AppTest" tests="1" failures="0" timestamp="13 Oct 2019 10:27:50 GMT" time="0.016" errors="0">
  <testcase name="FacebookImageClick" time="0.016" classname="Suite1.AppTest"/>
</testsuite> <!-- Suite1.AppTest -->
