<?xml version="1.0" encoding="UTF-8"?>
<!-- Generated by org.testng.reporters.JUnitReportReporter -->
<testsuite skipped="0" hostname="LAPTOP-A5GJABUP" name="TestNGExamples.TestNGExamples.AppTest" tests="2" failures="0" timestamp="11 Sep 2019 20:47:34 GMT" time="13.652" errors="0">
  <testcase name="session2" time="4.534" classname="TestNGExamples.TestNGExamples.AppTest"/>
  <testcase name="session1" time="9.118" classname="TestNGExamples.TestNGExamples.AppTest"/>
</testsuite> <!-- TestNGExamples.TestNGExamples.AppTest -->
