<?xml version="1.0" encoding="UTF-8"?>
<!-- Generated by org.testng.reporters.JUnitReportReporter -->
<testsuite skipped="0" hostname="LAPTOP-A5GJABUP" name="TestNGExamples.TestNGExamples.AppTest" tests="3" failures="0" timestamp="2019-09-13T19:03:09 CEST" time="52.547" errors="0">
  <testcase name="session2" time="17.621" classname="TestNGExamples.TestNGExamples.AppTest"/>
  <testcase name="session1" time="17.704" classname="TestNGExamples.TestNGExamples.AppTest"/>
  <testcase name="session3" time="17.222" classname="TestNGExamples.TestNGExamples.AppTest"/>
</testsuite> <!-- TestNGExamples.TestNGExamples.AppTest -->
