<?xml version="1.0" encoding="UTF-8"?>
<!-- Generated by org.testng.reporters.JUnitReportReporter -->
<testsuite skipped="0" hostname="LAPTOP-A5GJABUP" name="TestNGExamples.TestNGExamples.AppTest" tests="1" failures="0" timestamp="12 Oct 2019 17:12:51 GMT" time="8.580" errors="0">
  <testcase name="FacebookImageClick" time="8.580" classname="TestNGExamples.TestNGExamples.AppTest"/>
</testsuite> <!-- TestNGExamples.TestNGExamples.AppTest -->
