<?xml version="1.0" encoding="UTF-8"?>
<!-- Generated by org.testng.reporters.JUnitReportReporter -->
<testsuite skipped="0" hostname="LAPTOP-A5GJABUP" name="suite1.Flipkart" tests="1" failures="0" timestamp="12 Oct 2019 17:52:25 GMT" time="0.040" errors="0">
  <testcase name="searchAndSelectProduct1" time="0.040" classname="suite1.Flipkart"/>
</testsuite> <!-- suite1.Flipkart -->
