<?xml version="1.0" encoding="UTF-8"?>
<!-- Generated by org.testng.reporters.JUnitReportReporter -->
<testsuite skipped="0" hostname="LAPTOP-A5GJABUP" name="TestNGExamples.TestNGExamples.AppTest" tests="1" failures="0" timestamp="2019-09-19T23:35:53 CEST" time="10.367" errors="0">
  <testcase name="FacebookImageClick" time="10.367" classname="TestNGExamples.TestNGExamples.AppTest"/>
</testsuite> <!-- TestNGExamples.TestNGExamples.AppTest -->
