<?xml version="1.0" encoding="UTF-8"?>
<!-- Generated by org.testng.reporters.JUnitReportReporter -->
<testsuite skipped="0" hostname="LAPTOP-A5GJABUP" name="suite2.SnapDeal" tests="1" failures="0" timestamp="12 Oct 2019 17:52:34 GMT" time="0.031" errors="0">
  <testcase name="SnapDealTest" time="0.031" classname="suite2.SnapDeal"/>
</testsuite> <!-- suite2.SnapDeal -->
