<?xml version="1.0" encoding="UTF-8"?>
<!-- Generated by org.testng.reporters.JUnitReportReporter -->
<testsuite skipped="0" hostname="LAPTOP-A5GJABUP" name="suite1.Flipkart" tests="3" failures="0" timestamp="2019-09-26T10:45:31 CEST" time="0.024" errors="0">
  <testcase name="searchAndSelectProduct2" time="0.005" classname="suite1.Flipkart"/>
  <testcase name="searchAndSelectProduct1" time="0.010" classname="suite1.Flipkart"/>
  <testcase name="searchAndSelectProduct" time="0.009" classname="suite1.Flipkart"/>
</testsuite> <!-- suite1.Flipkart -->
