<?xml version="1.0" encoding="UTF-8"?>
<!-- Generated by org.testng.reporters.JUnitReportReporter -->
<testsuite skipped="0" hostname="LAPTOP-A5GJABUP" name="GurukulaProject.GurukulaProject.TestNG_Demo" tests="1" failures="0" timestamp="2019-09-08T00:36:01 CEST" time="12.218" errors="0">
  <testcase name="googleSearch" time="12.218" classname="GurukulaProject.GurukulaProject.TestNG_Demo"/>
</testsuite> <!-- GurukulaProject.GurukulaProject.TestNG_Demo -->
