<?xml version="1.0" encoding="UTF-8"?>
<!-- Generated by org.testng.reporters.JUnitReportReporter -->
<testsuite skipped="0" hostname="LAPTOP-A5GJABUP" name="GurukulaProject.GurukulaProject.WaitsExamples" tests="1" failures="0" timestamp="2019-09-09T23:53:00 CEST" time="21.401" errors="0">
  <testcase name="HandlingCheckbox" time="21.401" classname="GurukulaProject.GurukulaProject.WaitsExamples"/>
</testsuite> <!-- GurukulaProject.GurukulaProject.WaitsExamples -->
